2021-01-28 06:20:27,529 - Velocimacro : allowInlineLocal = false : VMs defined inline will be  global in scope if allowed.
2021-01-28 06:20:27,529 - Velocimacro : messages on  : VM system will output logging messages
2021-01-28 06:20:27,529 - Velocimacro : autoload off  : VM system will not automatically reload global library macros
2021-01-28 06:20:27,529 - Velocimacro : initialization complete.
2021-01-28 06:20:27,530 - Velocity successfully started.
2021-01-28 06:21:44,773 - SimpleLog4JLogSystem initialized using logfile 'velocity.log'
2021-01-28 06:21:44,774 - ************************************************************** 
2021-01-28 06:21:44,774 - Starting Jakarta Velocity v1.4
2021-01-28 06:21:44,774 - RuntimeInstance initializing.
2021-01-28 06:21:44,774 - Default Properties File: org/apache/velocity/runtime/defaults/velocity.properties
2021-01-28 06:21:44,774 - Trying to use logger class org.apache.velocity.runtime.log.SimpleLog4JLogSystem
2021-01-28 06:21:44,774 - Using logger class org.apache.velocity.runtime.log.SimpleLog4JLogSystem
2021-01-28 06:21:44,777 - Default ResourceManager initializing. (class org.apache.velocity.runtime.resource.ResourceManagerImpl)
2021-01-28 06:21:44,780 - Resource Loader Instantiated: org.apache.velocity.runtime.resource.loader.ClasspathResourceLoader
2021-01-28 06:21:44,781 - ClasspathResourceLoader : initialization starting.
2021-01-28 06:21:44,781 - ClasspathResourceLoader : initialization complete.
2021-01-28 06:21:44,784 - ResourceCache : initialized. (class org.apache.velocity.runtime.resource.ResourceCacheImpl)
2021-01-28 06:21:44,784 - Default ResourceManager initialization complete.
2021-01-28 06:21:44,786 - Loaded System Directive: org.apache.velocity.runtime.directive.Literal
2021-01-28 06:21:44,788 - Loaded System Directive: org.apache.velocity.runtime.directive.Macro
2021-01-28 06:21:44,789 - Loaded System Directive: org.apache.velocity.runtime.directive.Parse
2021-01-28 06:21:44,792 - Loaded System Directive: org.apache.velocity.runtime.directive.Include
2021-01-28 06:21:44,794 - Loaded System Directive: org.apache.velocity.runtime.directive.Foreach
2021-01-28 06:21:44,828 - Created: 20 parsers.
2021-01-28 06:21:44,833 - Velocimacro : initialization starting.
2021-01-28 06:21:44,834 - Velocimacro : adding VMs from VM library template : VM_global_library.vm
2021-01-28 06:21:44,836 - ResourceManager : unable to find resource 'VM_global_library.vm' in any resource loader.
2021-01-28 06:21:44,837 - Velocimacro : error using  VM library template VM_global_library.vm : org.apache.velocity.exception.ResourceNotFoundException: Unable to find resource 'VM_global_library.vm'
2021-01-28 06:21:44,837 - Velocimacro :  VM library template macro registration complete.
2021-01-28 06:21:44,837 - Velocimacro : allowInline = true : VMs can be defined inline in templates
2021-01-28 06:21:44,837 - Velocimacro : allowInlineToOverride = false : VMs defined inline may NOT replace previous VM definitions
2021-01-28 06:21:44,837 - Velocimacro : allowInlineLocal = false : VMs defined inline will be  global in scope if allowed.
2021-01-28 06:21:44,837 - Velocimacro : messages on  : VM system will output logging messages
2021-01-28 06:21:44,837 - Velocimacro : autoload off  : VM system will not automatically reload global library macros
2021-01-28 06:21:44,837 - Velocimacro : initialization complete.
2021-01-28 06:21:44,837 - Velocity successfully started.
