2021-03-08 10:50:06,521 - Velocimacro : initialization complete.
2021-03-08 10:50:06,521 - Velocity successfully started.
2021-03-08 10:58:48,417 - SimpleLog4JLogSystem initialized using logfile 'velocity.log'
2021-03-08 10:58:48,418 - ************************************************************** 
2021-03-08 10:58:48,418 - Starting Jakarta Velocity v1.4
2021-03-08 10:58:48,418 - RuntimeInstance initializing.
2021-03-08 10:58:48,418 - Default Properties File: org/apache/velocity/runtime/defaults/velocity.properties
2021-03-08 10:58:48,418 - Trying to use logger class org.apache.velocity.runtime.log.SimpleLog4JLogSystem
2021-03-08 10:58:48,418 - Using logger class org.apache.velocity.runtime.log.SimpleLog4JLogSystem
2021-03-08 10:58:48,422 - Default ResourceManager initializing. (class org.apache.velocity.runtime.resource.ResourceManagerImpl)
2021-03-08 10:58:48,425 - Resource Loader Instantiated: org.apache.velocity.runtime.resource.loader.ClasspathResourceLoader
2021-03-08 10:58:48,425 - ClasspathResourceLoader : initialization starting.
2021-03-08 10:58:48,425 - ClasspathResourceLoader : initialization complete.
2021-03-08 10:58:48,426 - ResourceCache : initialized. (class org.apache.velocity.runtime.resource.ResourceCacheImpl)
2021-03-08 10:58:48,426 - Default ResourceManager initialization complete.
2021-03-08 10:58:48,429 - Loaded System Directive: org.apache.velocity.runtime.directive.Literal
2021-03-08 10:58:48,432 - Loaded System Directive: org.apache.velocity.runtime.directive.Macro
2021-03-08 10:58:48,434 - Loaded System Directive: org.apache.velocity.runtime.directive.Parse
2021-03-08 10:58:48,436 - Loaded System Directive: org.apache.velocity.runtime.directive.Include
2021-03-08 10:58:48,437 - Loaded System Directive: org.apache.velocity.runtime.directive.Foreach
2021-03-08 10:58:48,470 - Created: 20 parsers.
2021-03-08 10:58:48,477 - Velocimacro : initialization starting.
2021-03-08 10:58:48,477 - Velocimacro : adding VMs from VM library template : VM_global_library.vm
2021-03-08 10:58:48,480 - ResourceManager : unable to find resource 'VM_global_library.vm' in any resource loader.
2021-03-08 10:58:48,481 - Velocimacro : error using  VM library template VM_global_library.vm : org.apache.velocity.exception.ResourceNotFoundException: Unable to find resource 'VM_global_library.vm'
2021-03-08 10:58:48,481 - Velocimacro :  VM library template macro registration complete.
2021-03-08 10:58:48,481 - Velocimacro : allowInline = true : VMs can be defined inline in templates
2021-03-08 10:58:48,481 - Velocimacro : allowInlineToOverride = false : VMs defined inline may NOT replace previous VM definitions
2021-03-08 10:58:48,481 - Velocimacro : allowInlineLocal = false : VMs defined inline will be  global in scope if allowed.
2021-03-08 10:58:48,481 - Velocimacro : messages on  : VM system will output logging messages
2021-03-08 10:58:48,481 - Velocimacro : autoload off  : VM system will not automatically reload global library macros
2021-03-08 10:58:48,481 - Velocimacro : initialization complete.
2021-03-08 10:58:48,481 - Velocity successfully started.
2021-03-08 11:11:53,017 - SimpleLog4JLogSystem initialized using logfile 'velocity.log'
2021-03-08 11:11:53,018 - ************************************************************** 
2021-03-08 11:11:53,018 - Starting Jakarta Velocity v1.4
2021-03-08 11:11:53,018 - RuntimeInstance initializing.
2021-03-08 11:11:53,018 - Default Properties File: org/apache/velocity/runtime/defaults/velocity.properties
2021-03-08 11:11:53,018 - Trying to use logger class org.apache.velocity.runtime.log.SimpleLog4JLogSystem
2021-03-08 11:11:53,018 - Using logger class org.apache.velocity.runtime.log.SimpleLog4JLogSystem
2021-03-08 11:11:53,021 - Default ResourceManager initializing. (class org.apache.velocity.runtime.resource.ResourceManagerImpl)
2021-03-08 11:11:53,024 - Resource Loader Instantiated: org.apache.velocity.runtime.resource.loader.ClasspathResourceLoader
2021-03-08 11:11:53,024 - ClasspathResourceLoader : initialization starting.
2021-03-08 11:11:53,024 - ClasspathResourceLoader : initialization complete.
2021-03-08 11:11:53,026 - ResourceCache : initialized. (class org.apache.velocity.runtime.resource.ResourceCacheImpl)
2021-03-08 11:11:53,026 - Default ResourceManager initialization complete.
2021-03-08 11:11:53,028 - Loaded System Directive: org.apache.velocity.runtime.directive.Literal
2021-03-08 11:11:53,031 - Loaded System Directive: org.apache.velocity.runtime.directive.Macro
2021-03-08 11:11:53,033 - Loaded System Directive: org.apache.velocity.runtime.directive.Parse
2021-03-08 11:11:53,035 - Loaded System Directive: org.apache.velocity.runtime.directive.Include
2021-03-08 11:11:53,036 - Loaded System Directive: org.apache.velocity.runtime.directive.Foreach
2021-03-08 11:11:53,067 - Created: 20 parsers.
2021-03-08 11:11:53,071 - Velocimacro : initialization starting.
2021-03-08 11:11:53,071 - Velocimacro : adding VMs from VM library template : VM_global_library.vm
2021-03-08 11:11:53,075 - ResourceManager : unable to find resource 'VM_global_library.vm' in any resource loader.
2021-03-08 11:11:53,075 - Velocimacro : error using  VM library template VM_global_library.vm : org.apache.velocity.exception.ResourceNotFoundException: Unable to find resource 'VM_global_library.vm'
2021-03-08 11:11:53,075 - Velocimacro :  VM library template macro registration complete.
2021-03-08 11:11:53,075 - Velocimacro : allowInline = true : VMs can be defined inline in templates
2021-03-08 11:11:53,075 - Velocimacro : allowInlineToOverride = false : VMs defined inline may NOT replace previous VM definitions
2021-03-08 11:11:53,075 - Velocimacro : allowInlineLocal = false : VMs defined inline will be  global in scope if allowed.
2021-03-08 11:11:53,075 - Velocimacro : messages on  : VM system will output logging messages
2021-03-08 11:11:53,075 - Velocimacro : autoload off  : VM system will not automatically reload global library macros
2021-03-08 11:11:53,076 - Velocimacro : initialization complete.
2021-03-08 11:11:53,076 - Velocity successfully started.
2021-03-08 11:16:13,677 - SimpleLog4JLogSystem initialized using logfile 'velocity.log'
2021-03-08 11:16:13,677 - ************************************************************** 
2021-03-08 11:16:13,677 - Starting Jakarta Velocity v1.4
2021-03-08 11:16:13,677 - RuntimeInstance initializing.
2021-03-08 11:16:13,677 - Default Properties File: org/apache/velocity/runtime/defaults/velocity.properties
2021-03-08 11:16:13,677 - Trying to use logger class org.apache.velocity.runtime.log.SimpleLog4JLogSystem
2021-03-08 11:16:13,678 - Using logger class org.apache.velocity.runtime.log.SimpleLog4JLogSystem
2021-03-08 11:16:13,681 - Default ResourceManager initializing. (class org.apache.velocity.runtime.resource.ResourceManagerImpl)
2021-03-08 11:16:13,690 - Resource Loader Instantiated: org.apache.velocity.runtime.resource.loader.ClasspathResourceLoader
2021-03-08 11:16:13,690 - ClasspathResourceLoader : initialization starting.
2021-03-08 11:16:13,690 - ClasspathResourceLoader : initialization complete.
2021-03-08 11:16:13,692 - ResourceCache : initialized. (class org.apache.velocity.runtime.resource.ResourceCacheImpl)
2021-03-08 11:16:13,692 - Default ResourceManager initialization complete.
2021-03-08 11:16:13,695 - Loaded System Directive: org.apache.velocity.runtime.directive.Literal
2021-03-08 11:16:13,698 - Loaded System Directive: org.apache.velocity.runtime.directive.Macro
2021-03-08 11:16:13,700 - Loaded System Directive: org.apache.velocity.runtime.directive.Parse
2021-03-08 11:16:13,702 - Loaded System Directive: org.apache.velocity.runtime.directive.Include
2021-03-08 11:16:13,703 - Loaded System Directive: org.apache.velocity.runtime.directive.Foreach
2021-03-08 11:16:13,743 - Created: 20 parsers.
2021-03-08 11:16:13,751 - Velocimacro : initialization starting.
2021-03-08 11:16:13,751 - Velocimacro : adding VMs from VM library template : VM_global_library.vm
2021-03-08 11:16:13,755 - ResourceManager : unable to find resource 'VM_global_library.vm' in any resource loader.
2021-03-08 11:16:13,755 - Velocimacro : error using  VM library template VM_global_library.vm : org.apache.velocity.exception.ResourceNotFoundException: Unable to find resource 'VM_global_library.vm'
2021-03-08 11:16:13,755 - Velocimacro :  VM library template macro registration complete.
2021-03-08 11:16:13,755 - Velocimacro : allowInline = true : VMs can be defined inline in templates
2021-03-08 11:16:13,755 - Velocimacro : allowInlineToOverride = false : VMs defined inline may NOT replace previous VM definitions
2021-03-08 11:16:13,755 - Velocimacro : allowInlineLocal = false : VMs defined inline will be  global in scope if allowed.
2021-03-08 11:16:13,755 - Velocimacro : messages on  : VM system will output logging messages
2021-03-08 11:16:13,755 - Velocimacro : autoload off  : VM system will not automatically reload global library macros
2021-03-08 11:16:13,755 - Velocimacro : initialization complete.
2021-03-08 11:16:13,755 - Velocity successfully started.
2021-03-08 11:26:36,481 - SimpleLog4JLogSystem initialized using logfile 'velocity.log'
2021-03-08 11:26:36,481 - ************************************************************** 
2021-03-08 11:26:36,481 - Starting Jakarta Velocity v1.4
2021-03-08 11:26:36,481 - RuntimeInstance initializing.
2021-03-08 11:26:36,482 - Default Properties File: org/apache/velocity/runtime/defaults/velocity.properties
2021-03-08 11:26:36,482 - Trying to use logger class org.apache.velocity.runtime.log.SimpleLog4JLogSystem
2021-03-08 11:26:36,482 - Using logger class org.apache.velocity.runtime.log.SimpleLog4JLogSystem
2021-03-08 11:26:36,485 - Default ResourceManager initializing. (class org.apache.velocity.runtime.resource.ResourceManagerImpl)
2021-03-08 11:26:36,489 - Resource Loader Instantiated: org.apache.velocity.runtime.resource.loader.ClasspathResourceLoader
2021-03-08 11:26:36,489 - ClasspathResourceLoader : initialization starting.
2021-03-08 11:26:36,489 - ClasspathResourceLoader : initialization complete.
2021-03-08 11:26:36,491 - ResourceCache : initialized. (class org.apache.velocity.runtime.resource.ResourceCacheImpl)
2021-03-08 11:26:36,491 - Default ResourceManager initialization complete.
2021-03-08 11:26:36,496 - Loaded System Directive: org.apache.velocity.runtime.directive.Literal
2021-03-08 11:26:36,499 - Loaded System Directive: org.apache.velocity.runtime.directive.Macro
2021-03-08 11:26:36,502 - Loaded System Directive: org.apache.velocity.runtime.directive.Parse
2021-03-08 11:26:36,505 - Loaded System Directive: org.apache.velocity.runtime.directive.Include
2021-03-08 11:26:36,507 - Loaded System Directive: org.apache.velocity.runtime.directive.Foreach
2021-03-08 11:26:36,590 - Created: 20 parsers.
2021-03-08 11:26:36,597 - Velocimacro : initialization starting.
2021-03-08 11:26:36,597 - Velocimacro : adding VMs from VM library template : VM_global_library.vm
2021-03-08 11:26:36,601 - ResourceManager : unable to find resource 'VM_global_library.vm' in any resource loader.
2021-03-08 11:26:36,601 - Velocimacro : error using  VM library template VM_global_library.vm : org.apache.velocity.exception.ResourceNotFoundException: Unable to find resource 'VM_global_library.vm'
2021-03-08 11:26:36,601 - Velocimacro :  VM library template macro registration complete.
2021-03-08 11:26:36,601 - Velocimacro : allowInline = true : VMs can be defined inline in templates
2021-03-08 11:26:36,601 - Velocimacro : allowInlineToOverride = false : VMs defined inline may NOT replace previous VM definitions
2021-03-08 11:26:36,601 - Velocimacro : allowInlineLocal = false : VMs defined inline will be  global in scope if allowed.
2021-03-08 11:26:36,602 - Velocimacro : messages on  : VM system will output logging messages
2021-03-08 11:26:36,602 - Velocimacro : autoload off  : VM system will not automatically reload global library macros
2021-03-08 11:26:36,602 - Velocimacro : initialization complete.
2021-03-08 11:26:36,602 - Velocity successfully started.
2021-03-08 11:26:36,610 - SimpleLog4JLogSystem initialized using logfile 'velocity.log'
2021-03-08 11:26:36,610 - ************************************************************** 
2021-03-08 11:26:36,611 - Starting Jakarta Velocity v1.4
2021-03-08 11:26:36,612 - RuntimeInstance initializing.
2021-03-08 11:26:36,612 - Default Properties File: org/apache/velocity/runtime/defaults/velocity.properties
2021-03-08 11:26:36,612 - Trying to use logger class org.apache.velocity.runtime.log.SimpleLog4JLogSystem
2021-03-08 11:26:36,612 - Using logger class org.apache.velocity.runtime.log.SimpleLog4JLogSystem
2021-03-08 11:26:36,616 - Default ResourceManager initializing. (class org.apache.velocity.runtime.resource.ResourceManagerImpl)
2021-03-08 11:26:36,633 - Resource Loader Instantiated: org.apache.velocity.runtime.resource.loader.ClasspathResourceLoader
2021-03-08 11:26:36,633 - ClasspathResourceLoader : initialization starting.
2021-03-08 11:26:36,633 - ClasspathResourceLoader : initialization complete.
2021-03-08 11:26:36,635 - ResourceCache : initialized. (class org.apache.velocity.runtime.resource.ResourceCacheImpl)
2021-03-08 11:26:36,635 - Default ResourceManager initialization complete.
2021-03-08 11:26:36,638 - Loaded System Directive: org.apache.velocity.runtime.directive.Literal
2021-03-08 11:26:36,640 - Loaded System Directive: org.apache.velocity.runtime.directive.Macro
2021-03-08 11:26:36,644 - Loaded System Directive: org.apache.velocity.runtime.directive.Parse
2021-03-08 11:26:36,646 - Loaded System Directive: org.apache.velocity.runtime.directive.Include
2021-03-08 11:26:36,648 - Loaded System Directive: org.apache.velocity.runtime.directive.Foreach
2021-03-08 11:26:36,726 - Created: 20 parsers.
2021-03-08 11:26:36,735 - Velocimacro : initialization starting.
2021-03-08 11:26:36,736 - Velocimacro : adding VMs from VM library template : VM_global_library.vm
2021-03-08 11:26:36,746 - ResourceManager : unable to find resource 'VM_global_library.vm' in any resource loader.
2021-03-08 11:26:36,746 - Velocimacro : error using  VM library template VM_global_library.vm : org.apache.velocity.exception.ResourceNotFoundException: Unable to find resource 'VM_global_library.vm'
2021-03-08 11:26:36,746 - Velocimacro :  VM library template macro registration complete.
2021-03-08 11:26:36,746 - Velocimacro : allowInline = true : VMs can be defined inline in templates
2021-03-08 11:26:36,746 - Velocimacro : allowInlineToOverride = false : VMs defined inline may NOT replace previous VM definitions
2021-03-08 11:26:36,746 - Velocimacro : allowInlineLocal = false : VMs defined inline will be  global in scope if allowed.
2021-03-08 11:26:36,746 - Velocimacro : messages on  : VM system will output logging messages
2021-03-08 11:26:36,746 - Velocimacro : autoload off  : VM system will not automatically reload global library macros
2021-03-08 11:26:36,746 - Velocimacro : initialization complete.
2021-03-08 11:26:36,747 - Velocity successfully started.
2021-03-08 11:31:51,281 - SimpleLog4JLogSystem initialized using logfile 'velocity.log'
2021-03-08 11:31:51,282 - ************************************************************** 
2021-03-08 11:31:51,282 - Starting Jakarta Velocity v1.4
2021-03-08 11:31:51,282 - RuntimeInstance initializing.
2021-03-08 11:31:51,282 - Default Properties File: org/apache/velocity/runtime/defaults/velocity.properties
2021-03-08 11:31:51,282 - Trying to use logger class org.apache.velocity.runtime.log.SimpleLog4JLogSystem
2021-03-08 11:31:51,282 - Using logger class org.apache.velocity.runtime.log.SimpleLog4JLogSystem
2021-03-08 11:31:51,285 - Default ResourceManager initializing. (class org.apache.velocity.runtime.resource.ResourceManagerImpl)
2021-03-08 11:31:51,287 - Resource Loader Instantiated: org.apache.velocity.runtime.resource.loader.ClasspathResourceLoader
2021-03-08 11:31:51,288 - ClasspathResourceLoader : initialization starting.
2021-03-08 11:31:51,288 - ClasspathResourceLoader : initialization complete.
2021-03-08 11:31:51,290 - ResourceCache : initialized. (class org.apache.velocity.runtime.resource.ResourceCacheImpl)
2021-03-08 11:31:51,290 - Default ResourceManager initialization complete.
2021-03-08 11:31:51,295 - Loaded System Directive: org.apache.velocity.runtime.directive.Literal
2021-03-08 11:31:51,297 - Loaded System Directive: org.apache.velocity.runtime.directive.Macro
2021-03-08 11:31:51,299 - Loaded System Directive: org.apache.velocity.runtime.directive.Parse
2021-03-08 11:31:51,302 - Loaded System Directive: org.apache.velocity.runtime.directive.Include
2021-03-08 11:31:51,303 - Loaded System Directive: org.apache.velocity.runtime.directive.Foreach
2021-03-08 11:31:51,339 - Created: 20 parsers.
2021-03-08 11:31:51,344 - Velocimacro : initialization starting.
2021-03-08 11:31:51,344 - Velocimacro : adding VMs from VM library template : VM_global_library.vm
2021-03-08 11:31:51,346 - ResourceManager : unable to find resource 'VM_global_library.vm' in any resource loader.
2021-03-08 11:31:51,346 - Velocimacro : error using  VM library template VM_global_library.vm : org.apache.velocity.exception.ResourceNotFoundException: Unable to find resource 'VM_global_library.vm'
2021-03-08 11:31:51,346 - Velocimacro :  VM library template macro registration complete.
2021-03-08 11:31:51,347 - Velocimacro : allowInline = true : VMs can be defined inline in templates
2021-03-08 11:31:51,347 - Velocimacro : allowInlineToOverride = false : VMs defined inline may NOT replace previous VM definitions
2021-03-08 11:31:51,347 - Velocimacro : allowInlineLocal = false : VMs defined inline will be  global in scope if allowed.
2021-03-08 11:31:51,347 - Velocimacro : messages on  : VM system will output logging messages
2021-03-08 11:31:51,347 - Velocimacro : autoload off  : VM system will not automatically reload global library macros
2021-03-08 11:31:51,347 - Velocimacro : initialization complete.
2021-03-08 11:31:51,347 - Velocity successfully started.
